2025-04-14 17:26:41,933 [trainer.py] => config: ./exps/finetune.json
2025-04-14 17:26:41,933 [trainer.py] => dataset: cifar100
2025-04-14 17:26:41,933 [trainer.py] => log_dir: ./logs
2025-04-14 17:26:41,933 [trainer.py] => model_name: fcs
2025-04-14 17:26:41,933 [trainer.py] => init_cls: 10
2025-04-14 17:26:41,933 [trainer.py] => increment: 10
2025-04-14 17:26:41,933 [trainer.py] => epochs: 100
2025-04-14 17:26:41,933 [trainer.py] => batch_size: 64
2025-04-14 17:26:41,933 [trainer.py] => lr: 0.01
2025-04-14 17:26:41,933 [trainer.py] => weight_decay: 0.0005
2025-04-14 17:26:41,933 [trainer.py] => step_size: 30
2025-04-14 17:26:41,933 [trainer.py] => gamma: 0.1
2025-04-14 17:26:41,933 [trainer.py] => num_workers: 4
2025-04-14 17:26:41,933 [trainer.py] => device: [device(type='cuda', index=0)]
2025-04-14 17:26:41,933 [trainer.py] => seed: 42
2025-04-14 17:26:41,933 [trainer.py] => log_name: experiment_without_pic
2025-04-14 17:26:41,933 [trainer.py] => prefix: run1
2025-04-14 17:26:41,933 [trainer.py] => convnet_type: resnet18
2025-04-14 17:26:41,933 [trainer.py] => shuffle: True
2025-04-14 17:26:41,933 [trainer.py] => contrast_T: 0.08
2025-04-14 17:26:41,933 [trainer.py] => memory_size: 2000
2025-04-14 17:26:41,933 [trainer.py] => ckpt_num: 5
2025-04-14 17:26:41,933 [trainer.py] => ckpt_path: ./checkpoints/fcs
2025-04-14 17:26:41,934 [trainer.py] => is_task0: True
2025-04-14 17:26:44,125 [data_manager.py] => [83, 53, 70, 45, 44, 39, 22, 80, 10, 0, 18, 30, 73, 33, 90, 4, 76, 77, 12, 31, 55, 88, 26, 42, 69, 15, 40, 96, 9, 72, 11, 47, 85, 28, 93, 5, 66, 65, 35, 16, 49, 34, 7, 95, 27, 19, 81, 25, 62, 13, 24, 3, 17, 38, 8, 78, 6, 64, 36, 89, 56, 99, 54, 43, 50, 67, 46, 68, 61, 97, 79, 41, 58, 48, 98, 57, 75, 32, 94, 59, 63, 84, 37, 29, 1, 52, 21, 2, 23, 87, 91, 74, 86, 82, 20, 60, 71, 14, 92, 51]
2025-04-14 17:26:44,362 [trainer.py] => All params: 11431488
2025-04-14 17:26:44,362 [trainer.py] => Trainable params: 11431488
2025-04-14 17:26:44,366 [fcs.py] => Learning on 0-10
2025-04-14 17:26:44,366 [fcs.py] => All params: 11475093
2025-04-14 17:26:44,367 [fcs.py] => Trainable params: 11475093
2025-04-14 17:33:01,384 [trainer.py] => config: ./exps/finetune.json
2025-04-14 17:33:01,384 [trainer.py] => dataset: cifar100
2025-04-14 17:33:01,384 [trainer.py] => log_dir: ./logs
2025-04-14 17:33:01,384 [trainer.py] => model_name: fcs
2025-04-14 17:33:01,384 [trainer.py] => init_cls: 10
2025-04-14 17:33:01,384 [trainer.py] => increment: 10
2025-04-14 17:33:01,384 [trainer.py] => epochs: 100
2025-04-14 17:33:01,385 [trainer.py] => batch_size: 64
2025-04-14 17:33:01,385 [trainer.py] => lr: 0.01
2025-04-14 17:33:01,385 [trainer.py] => weight_decay: 0.0005
2025-04-14 17:33:01,385 [trainer.py] => step_size: 30
2025-04-14 17:33:01,385 [trainer.py] => gamma: 0.1
2025-04-14 17:33:01,385 [trainer.py] => num_workers: 4
2025-04-14 17:33:01,385 [trainer.py] => device: [device(type='cuda', index=0)]
2025-04-14 17:33:01,385 [trainer.py] => seed: 42
2025-04-14 17:33:01,385 [trainer.py] => log_name: experiment_without_pic
2025-04-14 17:33:01,385 [trainer.py] => prefix: run1
2025-04-14 17:33:01,385 [trainer.py] => convnet_type: resnet18
2025-04-14 17:33:01,385 [trainer.py] => shuffle: True
2025-04-14 17:33:01,385 [trainer.py] => contrast_T: 0.08
2025-04-14 17:33:01,385 [trainer.py] => memory_size: 2000
2025-04-14 17:33:01,385 [trainer.py] => ckpt_num: 5
2025-04-14 17:33:01,385 [trainer.py] => ckpt_path: ./checkpoints/fcs
2025-04-14 17:33:01,385 [trainer.py] => is_task0: True
2025-04-14 17:33:02,742 [data_manager.py] => [83, 53, 70, 45, 44, 39, 22, 80, 10, 0, 18, 30, 73, 33, 90, 4, 76, 77, 12, 31, 55, 88, 26, 42, 69, 15, 40, 96, 9, 72, 11, 47, 85, 28, 93, 5, 66, 65, 35, 16, 49, 34, 7, 95, 27, 19, 81, 25, 62, 13, 24, 3, 17, 38, 8, 78, 6, 64, 36, 89, 56, 99, 54, 43, 50, 67, 46, 68, 61, 97, 79, 41, 58, 48, 98, 57, 75, 32, 94, 59, 63, 84, 37, 29, 1, 52, 21, 2, 23, 87, 91, 74, 86, 82, 20, 60, 71, 14, 92, 51]
2025-04-14 17:33:02,976 [trainer.py] => All params: 11431488
2025-04-14 17:33:02,977 [trainer.py] => Trainable params: 11431488
2025-04-14 17:33:02,981 [fcs.py] => Learning on 0-10
2025-04-14 17:33:02,981 [fcs.py] => All params: 11475093
2025-04-14 17:33:02,981 [fcs.py] => Trainable params: 11475093
2025-04-14 17:33:02,996 [fcs.py] => Checkpoint file ./checkpoints/fcs/fcs_._checkpoints_0.pkl not found. Skipping loading.
2025-04-14 17:35:46,491 [trainer.py] => config: ./exps/finetune.json
2025-04-14 17:35:46,491 [trainer.py] => dataset: cifar100
2025-04-14 17:35:46,491 [trainer.py] => log_dir: ./logs
2025-04-14 17:35:46,491 [trainer.py] => model_name: fcs
2025-04-14 17:35:46,491 [trainer.py] => init_cls: 10
2025-04-14 17:35:46,491 [trainer.py] => increment: 10
2025-04-14 17:35:46,491 [trainer.py] => epochs: 100
2025-04-14 17:35:46,491 [trainer.py] => batch_size: 64
2025-04-14 17:35:46,491 [trainer.py] => lr: 0.01
2025-04-14 17:35:46,491 [trainer.py] => weight_decay: 0.0005
2025-04-14 17:35:46,491 [trainer.py] => step_size: 30
2025-04-14 17:35:46,491 [trainer.py] => gamma: 0.1
2025-04-14 17:35:46,491 [trainer.py] => num_workers: 4
2025-04-14 17:35:46,491 [trainer.py] => device: [device(type='cuda', index=0)]
2025-04-14 17:35:46,491 [trainer.py] => seed: 42
2025-04-14 17:35:46,491 [trainer.py] => log_name: experiment_without_pic
2025-04-14 17:35:46,491 [trainer.py] => prefix: run1
2025-04-14 17:35:46,491 [trainer.py] => convnet_type: resnet18
2025-04-14 17:35:46,491 [trainer.py] => shuffle: True
2025-04-14 17:35:46,491 [trainer.py] => contrast_T: 0.08
2025-04-14 17:35:46,491 [trainer.py] => memory_size: 2000
2025-04-14 17:35:46,491 [trainer.py] => ckpt_num: 5
2025-04-14 17:35:46,491 [trainer.py] => ckpt_path: ./checkpoints/fcs
2025-04-14 17:35:46,491 [trainer.py] => is_task0: True
2025-04-14 17:35:47,849 [data_manager.py] => [83, 53, 70, 45, 44, 39, 22, 80, 10, 0, 18, 30, 73, 33, 90, 4, 76, 77, 12, 31, 55, 88, 26, 42, 69, 15, 40, 96, 9, 72, 11, 47, 85, 28, 93, 5, 66, 65, 35, 16, 49, 34, 7, 95, 27, 19, 81, 25, 62, 13, 24, 3, 17, 38, 8, 78, 6, 64, 36, 89, 56, 99, 54, 43, 50, 67, 46, 68, 61, 97, 79, 41, 58, 48, 98, 57, 75, 32, 94, 59, 63, 84, 37, 29, 1, 52, 21, 2, 23, 87, 91, 74, 86, 82, 20, 60, 71, 14, 92, 51]
2025-04-14 17:35:48,081 [trainer.py] => All params: 11431488
2025-04-14 17:35:48,081 [trainer.py] => Trainable params: 11431488
2025-04-14 17:35:48,085 [fcs.py] => Learning on 0-10
2025-04-14 17:35:48,085 [fcs.py] => All params: 11475093
2025-04-14 17:35:48,085 [fcs.py] => Trainable params: 11475093
2025-04-14 17:35:48,100 [fcs.py] => Checkpoint file ./checkpoints/fcs/fcs_._checkpoints_0.pkl not found. Skipping loading.
2025-04-14 17:39:14,804 [trainer.py] => CNN: {'total': 12.2, '00-09': 12.2, 'old': 0, 'new': 12.2}
2025-04-14 17:39:14,804 [trainer.py] => NME: {'total': 56.4, '00-09': 56.4, 'old': 0, 'new': 56.4}
2025-04-14 17:39:14,804 [trainer.py] => CNN top1 curve: [12.2]
2025-04-14 17:39:14,804 [trainer.py] => CNN top5 curve: [50.0]
