2025-04-14 15:48:16,386 [trainer.py] => config: ./exps/finetune.json
2025-04-14 15:48:16,386 [trainer.py] => dataset: cifar100
2025-04-14 15:48:16,388 [trainer.py] => log_dir: ./logs
2025-04-14 15:48:16,388 [trainer.py] => model_name: fcs
2025-04-14 15:48:16,389 [trainer.py] => init_cls: 10
2025-04-14 15:48:16,389 [trainer.py] => increment: 10
2025-04-14 15:48:16,390 [trainer.py] => epochs: 100
2025-04-14 15:48:16,390 [trainer.py] => batch_size: 64
2025-04-14 15:48:16,391 [trainer.py] => lr: 0.01
2025-04-14 15:48:16,392 [trainer.py] => weight_decay: 0.0005
2025-04-14 15:48:16,392 [trainer.py] => step_size: 30
2025-04-14 15:48:16,395 [trainer.py] => gamma: 0.1
2025-04-14 15:48:16,395 [trainer.py] => num_workers: 4
2025-04-14 15:48:16,396 [trainer.py] => device: [device(type='cuda', index=0)]
2025-04-14 15:48:16,397 [trainer.py] => seed: 42
2025-04-14 15:48:16,397 [trainer.py] => log_name: experiment_without_pic
2025-04-14 15:48:16,398 [trainer.py] => prefix: run1
2025-04-14 15:48:16,399 [trainer.py] => convnet_type: resnet
2025-04-14 15:48:16,400 [trainer.py] => shuffle: True
2025-04-14 17:18:36,647 [trainer.py] => config: ./exps/finetune.json
2025-04-14 17:18:36,647 [trainer.py] => dataset: cifar100
2025-04-14 17:18:36,647 [trainer.py] => log_dir: ./logs
2025-04-14 17:18:36,647 [trainer.py] => model_name: fcs
2025-04-14 17:18:36,647 [trainer.py] => init_cls: 10
2025-04-14 17:18:36,647 [trainer.py] => increment: 10
2025-04-14 17:18:36,647 [trainer.py] => epochs: 100
2025-04-14 17:18:36,647 [trainer.py] => batch_size: 64
2025-04-14 17:18:36,647 [trainer.py] => lr: 0.01
2025-04-14 17:18:36,647 [trainer.py] => weight_decay: 0.0005
2025-04-14 17:18:36,647 [trainer.py] => step_size: 30
2025-04-14 17:18:36,647 [trainer.py] => gamma: 0.1
2025-04-14 17:18:36,647 [trainer.py] => num_workers: 4
2025-04-14 17:18:36,647 [trainer.py] => device: [device(type='cuda', index=0)]
2025-04-14 17:18:36,647 [trainer.py] => seed: 42
2025-04-14 17:18:36,647 [trainer.py] => log_name: experiment_without_pic
2025-04-14 17:18:36,647 [trainer.py] => prefix: run1
2025-04-14 17:18:36,647 [trainer.py] => convnet_type: resnet
2025-04-14 17:18:36,647 [trainer.py] => shuffle: True
2025-04-14 17:18:36,647 [trainer.py] => contrast_T: 0.08
2025-04-14 17:19:24,772 [trainer.py] => config: ./exps/finetune.json
2025-04-14 17:19:24,772 [trainer.py] => dataset: cifar100
2025-04-14 17:19:24,772 [trainer.py] => log_dir: ./logs
2025-04-14 17:19:24,772 [trainer.py] => model_name: fcs
2025-04-14 17:19:24,772 [trainer.py] => init_cls: 10
2025-04-14 17:19:24,772 [trainer.py] => increment: 10
2025-04-14 17:19:24,772 [trainer.py] => epochs: 100
2025-04-14 17:19:24,772 [trainer.py] => batch_size: 64
2025-04-14 17:19:24,772 [trainer.py] => lr: 0.01
2025-04-14 17:19:24,772 [trainer.py] => weight_decay: 0.0005
2025-04-14 17:19:24,772 [trainer.py] => step_size: 30
2025-04-14 17:19:24,772 [trainer.py] => gamma: 0.1
2025-04-14 17:19:24,772 [trainer.py] => num_workers: 4
2025-04-14 17:19:24,772 [trainer.py] => device: [device(type='cuda', index=0)]
2025-04-14 17:19:24,772 [trainer.py] => seed: 42
2025-04-14 17:19:24,772 [trainer.py] => log_name: experiment_without_pic
2025-04-14 17:19:24,772 [trainer.py] => prefix: run1
2025-04-14 17:19:24,772 [trainer.py] => convnet_type: resnet
2025-04-14 17:19:24,772 [trainer.py] => shuffle: True
2025-04-14 17:19:24,772 [trainer.py] => contrast_T: 0.08
2025-04-14 17:21:43,603 [data_manager.py] => [83, 53, 70, 45, 44, 39, 22, 80, 10, 0, 18, 30, 73, 33, 90, 4, 76, 77, 12, 31, 55, 88, 26, 42, 69, 15, 40, 96, 9, 72, 11, 47, 85, 28, 93, 5, 66, 65, 35, 16, 49, 34, 7, 95, 27, 19, 81, 25, 62, 13, 24, 3, 17, 38, 8, 78, 6, 64, 36, 89, 56, 99, 54, 43, 50, 67, 46, 68, 61, 97, 79, 41, 58, 48, 98, 57, 75, 32, 94, 59, 63, 84, 37, 29, 1, 52, 21, 2, 23, 87, 91, 74, 86, 82, 20, 60, 71, 14, 92, 51]
